<?xml version="1.0" encoding="UTF-8"?>
<testsuite xmlns:xsi="http://www.w3.org/2001/XMLSchema-instance" xsi:schemaLocation="https://maven.apache.org/surefire/maven-surefire-plugin/xsd/surefire-test-report.xsd" name="TestSuite" time="27.22" tests="1" errors="0" skipped="0" failures="0">
  <properties>
    <property name="JOB_NAME" value="inetBankingv1_Maven"/>
    <property name="java.vendor" value="Oracle Corporation"/>
    <property name="sun.java.launcher" value="SUN_STANDARD"/>
    <property name="NUMBER_OF_PROCESSORS" value="8"/>
    <property name="sun.management.compiler" value="HotSpot 64-Bit Tiered Compilers"/>
    <property name="DEFLOGDIR" value="C:\ProgramData\McAfee\Endpoint Security\Logs"/>
    <property name="JENKINS_HOME" value="C:\Program Files (x86)\Jenkins"/>
    <property name="HUDSON_SERVER_COOKIE" value="c3f8a7c4870ed5b9"/>
    <property name="POM_ARTIFACTID" value="inetbankingv1"/>
    <property name="os.name" value="Windows 10"/>
    <property name="EXECUTOR_NUMBER" value="0"/>
    <property name="sun.desktop" value="windows"/>
    <property name="PATHEXT" value=".COM;.EXE;.BAT;.CMD;.VBS;.VBE;.JS;.JSE;.WSF;.WSH;.MSC;.VBS"/>
    <property name="POM_DISPLAYNAME" value="inetbankingv1"/>
    <property name="java.vm.specification.vendor" value="Oracle Corporation"/>
    <property name="TEMP" value="C:\WINDOWS\TEMP"/>
    <property name="NODE_LABELS" value="master"/>
    <property name="java.runtime.version" value="11.0.7+8-LTS"/>
    <property name="WINSW_SERVICE_ID" value="Jenkins"/>
    <property name="user.name" value="LKNDSS5CJCRQ2$"/>
    <property name="guice.disable.misplaced.annotation.check" value="true"/>
    <property name="CommonProgramW6432" value="C:\Program Files\Common Files"/>
    <property name="ProgramFiles" value="C:\Program Files (x86)"/>
    <property name="VS150PROCOMNTOOLS" value="C:\Program Files (x86)\Microsoft Visual Studio\2017\Professional\Common7\Tools\"/>
    <property name="user.language" value="en"/>
    <property name="JOB_BASE_NAME" value="inetBankingv1_Maven"/>
    <property name="RUN_CHANGES_DISPLAY_URL" value="http://localhost:8080/job/inetBankingv1_Maven/8/display/redirect?page=changes"/>
    <property name="BUILD_DISPLAY_NAME" value="#8"/>
    <property name="OneDrive" value="C:\WINDOWS\system32\config\systemprofile\OneDrive"/>
    <property name="sun.boot.library.path" value="C:\Program Files\Java\jdk-11.0.7\bin"/>
    <property name="java.vm.compressedOopsMode" value="Zero based"/>
    <property name="LOCALAPPDATA" value="C:\WINDOWS\system32\config\systemprofile\AppData\Local"/>
    <property name="java.version" value="11.0.7"/>
    <property name="user.timezone" value="Asia/Calcutta"/>
    <property name="PROCESSOR_LEVEL" value="6"/>
    <property name="USERNAME" value="LKNDSS5CJCRQ2$"/>
    <property name="Java_Home" value="C:\Program Files\Java\jdk-11.0.7"/>
    <property name="sun.arch.data.model" value="64"/>
    <property name="PROCESSOR_ARCHITEW6432" value="AMD64"/>
    <property name="NODE_NAME" value="master"/>
    <property name="BUILD_ID" value="8"/>
    <property name="sun.cpu.isalist" value="amd64"/>
    <property name="sun.jnu.encoding" value="Cp1252"/>
    <property name="maven.conf" value="C:\Sudarshan\Automation\Selenium\apache-maven-3.6.3\conf"/>
    <property name="file.separator" value="\"/>
    <property name="java.specification.name" value="Java Platform API Specification"/>
    <property name="java.class.version" value="55.0"/>
    <property name="org.slf4j.simpleLogger.defaultLogLevel" value="info"/>
    <property name="user.country" value="IN"/>
    <property name="ALLUSERSPROFILE" value="C:\ProgramData"/>
    <property name="java.home" value="C:\Program Files\Java\jdk-11.0.7"/>
    <property name="java.vm.info" value="mixed mode"/>
    <property name="os.version" value="10.0"/>
    <property name="RUN_DISPLAY_URL" value="http://localhost:8080/job/inetBankingv1_Maven/8/display/redirect"/>
    <property name="POM_VERSION" value="0.0.1-SNAPSHOT"/>
    <property name="TMP" value="C:\WINDOWS\TEMP"/>
    <property name="LDMS_PREFERRED_SERVER" value="10.101.39.51"/>
    <property name="path.separator" value=";"/>
    <property name="java.vm.version" value="11.0.7+8-LTS"/>
    <property name="user.variant" value=""/>
    <property name="LDMS_LOCAL_DIR" value="C:\Program Files (x86)\LANDesk\LDClient\Data"/>
    <property name="CommonProgramFiles(x86)" value="C:\Program Files (x86)\Common Files"/>
    <property name="JOB_DISPLAY_URL" value="http://localhost:8080/job/inetBankingv1_Maven/display/redirect"/>
    <property name="java.awt.printerjob" value="sun.awt.windows.WPrinterJob"/>
    <property name="CommonProgramFiles" value="C:\Program Files (x86)\Common Files"/>
    <property name="sun.io.unicode.encoding" value="UnicodeLittle"/>
    <property name="ComSpec" value="C:\WINDOWS\system32\cmd.exe"/>
    <property name="awt.toolkit" value="sun.awt.windows.WToolkit"/>
    <property name="POM_PACKAGING" value="jar"/>
    <property name="SERVICE_ID" value="Jenkins"/>
    <property name="COMPUTERNAME" value="LKNDSS5CJCRQ2"/>
    <property name="user.script" value=""/>
    <property name="POM_GROUPID" value="inetbankingv1"/>
    <property name="user.home" value="C:\WINDOWS\system32\config\systemprofile"/>
    <property name="PUBLIC" value="C:\Users\Public"/>
    <property name="BUILD_TAG" value="jenkins-inetBankingv1_Maven-8"/>
    <property name="JENKINS_SERVER_COOKIE" value="c3f8a7c4870ed5b9"/>
    <property name="HUDSON_URL" value="http://localhost:8080/"/>
    <property name="ProgramData" value="C:\ProgramData"/>
    <property name="java.version.date" value="2020-04-14"/>
    <property name="java.specification.vendor" value="Oracle Corporation"/>
    <property name="USERPROFILE" value="C:\WINDOWS\system32\config\systemprofile"/>
    <property name="CLASSPATH" value=""/>
    <property name="java.library.path" value="C:\Program Files\Java\jdk-11.0.7\bin;C:\WINDOWS\Sun\Java\bin;C:\WINDOWS\system32;C:\WINDOWS;C:\Sudarshan\Automation\Selenium\apache-maven-3.6.3/bin;C:\Program Files\Java\jdk-11.0.7/bin;C:\Program Files\Java\jdk-11.0.7/bin;C:\Program Files (x86)\Common Files\Oracle\Java\javapath;C:\WINDOWS\system32;C:\WINDOWS;C:\WINDOWS\System32\Wbem;C:\WINDOWS\System32\WindowsPowerShell\v1.0\;C:\WINDOWS\System32\OpenSSH\;C:\Program Files (x86)\Skype\Phone\;C:\Program Files\dotnet\;C:\Program Files\Microsoft SQL Server\Client SDK\ODBC\130\Tools\Binn\;C:\Program Files (x86)\Microsoft SQL Server\140\Tools\Binn\;C:\Program Files\Microsoft SQL Server\140\Tools\Binn\;C:\Program Files\Microsoft SQL Server\140\DTS\Binn\;C:\Program Files\Microsoft SQL Server\130\Tools\Binn\;C:\Program Files (x86)\Microsoft SQL Server\Client SDK\ODBC\130\Tools\Binn\;C:\Program Files (x86)\Microsoft SQL Server\140\DTS\Binn\;C:\Program Files (x86)\Microsoft SQL Server\140\Tools\Binn\ManagementStudio\;C:\Program Files\nodejs\;C:\Program Files (x86)\Microsoft SQL Server\130\Tools\Binn\;C:\Program Files (x86)\Microsoft SQL Server\130\DTS\Binn\;C:\Program Files\Microsoft SQL Server\130\DTS\Binn\;C:\Program Files\Java\jdk-11.0.7\bin;C:\Program Files\Java\jdk-11.0.7\lib;C:\Program Files\Git\cmd;C:\Sudarshan\Automation\Selenium\apache-maven-3.6.3\bin;C:\Program Files\Java\jdk-11.0.7\bin;C:\Users\P10461089\AppData\Local\Microsoft\WindowsApps;C:\Users\P10461089\.dotnet\tools;C:\Users\p10482934\.dotnet\tools;."/>
    <property name="java.vendor.url" value="https://openjdk.java.net/"/>
    <property name="java.vm.vendor" value="Oracle Corporation"/>
    <property name="APPDATA" value="C:\WINDOWS\system32\config\systemprofile\AppData\Roaming"/>
    <property name="Maven_Home" value="C:\Sudarshan\Automation\Selenium\apache-maven-3.6.3"/>
    <property name="java.runtime.name" value="Java(TM) SE Runtime Environment"/>
    <property name="maven.home" value="C:\Sudarshan\Automation\Selenium\apache-maven-3.6.3"/>
    <property name="java.class.path" value="C:\Program Files (x86)\Jenkins\plugins\maven-plugin\WEB-INF\lib\maven35-agent-1.13.jar;C:\Sudarshan\Automation\Selenium\apache-maven-3.6.3\boot\plexus-classworlds-2.6.0.jar;C:\Sudarshan\Automation\Selenium\apache-maven-3.6.3/conf/logging"/>
    <property name="sun.java.command" value="jenkins.maven3.agent.Maven35Main C:\Sudarshan\Automation\Selenium\apache-maven-3.6.3 C:\Program Files (x86)\Jenkins\war\WEB-INF\lib\remoting-4.2.jar C:\Program Files (x86)\Jenkins\plugins\maven-plugin\WEB-INF\lib\maven35-interceptor-1.13.jar C:\Program Files (x86)\Jenkins\plugins\maven-plugin\WEB-INF\lib\maven3-interceptor-commons-1.13.jar 54433"/>
    <property name="Path" value="C:\Program Files\Java\jdk-11.0.7/bin;C:\Program Files (x86)\Common Files\Oracle\Java\javapath;C:\WINDOWS\system32;C:\WINDOWS;C:\WINDOWS\System32\Wbem;C:\WINDOWS\System32\WindowsPowerShell\v1.0\;C:\WINDOWS\System32\OpenSSH\;C:\Program Files (x86)\Skype\Phone\;C:\Program Files\dotnet\;C:\Program Files\Microsoft SQL Server\Client SDK\ODBC\130\Tools\Binn\;C:\Program Files (x86)\Microsoft SQL Server\140\Tools\Binn\;C:\Program Files\Microsoft SQL Server\140\Tools\Binn\;C:\Program Files\Microsoft SQL Server\140\DTS\Binn\;C:\Program Files\Microsoft SQL Server\130\Tools\Binn\;C:\Program Files (x86)\Microsoft SQL Server\Client SDK\ODBC\130\Tools\Binn\;C:\Program Files (x86)\Microsoft SQL Server\140\DTS\Binn\;C:\Program Files (x86)\Microsoft SQL Server\140\Tools\Binn\ManagementStudio\;C:\Program Files\nodejs\;C:\Program Files (x86)\Microsoft SQL Server\130\Tools\Binn\;C:\Program Files (x86)\Microsoft SQL Server\130\DTS\Binn\;C:\Program Files\Microsoft SQL Server\130\DTS\Binn\;C:\Program Files\Java\jdk-11.0.7\bin;C:\Program Files\Java\jdk-11.0.7\lib;C:\Program Files\Git\cmd;C:\Sudarshan\Automation\Selenium\apache-maven-3.6.3\bin;C:\Program Files\Java\jdk-11.0.7\bin;C:\Users\P10461089\AppData\Local\Microsoft\WindowsApps;C:\Users\P10461089\.dotnet\tools;C:\Users\p10482934\.dotnet\tools"/>
    <property name="VS150ENTCOMNTOOLS" value="C:\Program Files (x86)\Microsoft Visual Studio\2017\Enterprise\Common7\Tools\"/>
    <property name="jdk.debug" value="release"/>
    <property name="PROCESSOR_ARCHITECTURE" value="x86"/>
    <property name="java.vm.specification.name" value="Java Virtual Machine Specification"/>
    <property name="PATH+JDK" value="C:\Program Files\Java\jdk-11.0.7/bin"/>
    <property name="PROCESSOR_IDENTIFIER" value="Intel64 Family 6 Model 142 Stepping 10, GenuineIntel"/>
    <property name="java.vm.specification.version" value="11"/>
    <property name="M2_HOME" value="C:\Sudarshan\Automation\Selenium\apache-maven-3.6.3"/>
    <property name="sun.cpu.endian" value="little"/>
    <property name="sun.os.patch.level" value=""/>
    <property name="OS" value="Windows_NT"/>
    <property name="java.io.tmpdir" value="C:\WINDOWS\TEMP\"/>
    <property name="HUDSON_HOME" value="C:\Program Files (x86)\Jenkins"/>
    <property name="PATH+MAVEN" value="C:\Sudarshan\Automation\Selenium\apache-maven-3.6.3/bin"/>
    <property name="ProgramFiles(x86)" value="C:\Program Files (x86)"/>
    <property name="java.vendor.url.bug" value="https://bugreport.java.com/bugreport/"/>
    <property name="BUILD_URL" value="http://localhost:8080/job/inetBankingv1_Maven/8/"/>
    <property name="SystemRoot" value="C:\WINDOWS"/>
    <property name="os.arch" value="amd64"/>
    <property name="java.awt.graphicsenv" value="sun.awt.Win32GraphicsEnvironment"/>
    <property name="user.dir" value="C:\Sudarshan\Automation\SeleniumAutomationFramework\inetbankingv1"/>
    <property name="JOB_URL" value="http://localhost:8080/job/inetBankingv1_Maven/"/>
    <property name="USERDOMAIN" value="CAPITA"/>
    <property name="line.separator" value="&#10;"/>
    <property name="java.vm.name" value="Java HotSpot(TM) 64-Bit Server VM"/>
    <property name="BASE" value="C:\Program Files (x86)\Jenkins"/>
    <property name="BUILD_NUMBER" value="8"/>
    <property name="PROCESSOR_REVISION" value="8e0a"/>
    <property name="VS150COMCOMNTOOLS" value="C:\Program Files (x86)\Microsoft Visual Studio\2017\Community\Common7\Tools\"/>
    <property name="JENKINS_URL" value="http://localhost:8080/"/>
    <property name="ProgramW6432" value="C:\Program Files"/>
    <property name="windir" value="C:\WINDOWS"/>
    <property name="file.encoding" value="Cp1252"/>
    <property name="SystemDrive" value="C:"/>
    <property name="maven3.interceptor" value="C:\Program Files (x86)\Jenkins\plugins\maven-plugin\WEB-INF\lib\maven35-interceptor-1.13.jar"/>
    <property name="WORKSPACE_TMP" value="C:\Program Files (x86)\Jenkins\workspace\inetBankingv1_Maven@tmp"/>
    <property name="WORKSPACE" value="C:\Program Files (x86)\Jenkins\workspace\inetBankingv1_Maven"/>
    <property name="maven3.interceptor.common" value="C:\Program Files (x86)\Jenkins\plugins\maven-plugin\WEB-INF\lib\maven3-interceptor-commons-1.13.jar"/>
    <property name="WINSW_EXECUTABLE" value="C:\Program Files (x86)\Jenkins\jenkins.exe"/>
    <property name="PSModulePath" value="C:\Program Files\WindowsPowerShell\Modules;C:\WINDOWS\system32\WindowsPowerShell\v1.0\Modules;C:\Program Files (x86)\Microsoft SQL Server\140\Tools\PowerShell\Modules\;C:\Program Files (x86)\Microsoft SQL Server\130\Tools\PowerShell\Modules\"/>
    <property name="java.specification.version" value="11"/>
    <property name="DriverData" value="C:\Windows\System32\Drivers\DriverData"/>
    <property name="java.vendor.version" value="18.9"/>
  </properties>
  <testcase name="loginTest" classname="com.inetBanking.testCases.TC_LoginTest_001" time="6.526"/>
</testsuite>