<?xml version="1.0" encoding="UTF-8"?>
<!-- Generated by org.testng.reporters.JUnitReportReporter -->
<testsuite skipped="0" hostname="LKNDSS5CJCRQ2" name="com.inetBanking.testCases.TC_EditCustomer_004" tests="1" failures="0" timestamp="27 May 2020 09:32:51 GMT" time="9.623" errors="0">
  <testcase name="EditCustomer" time="9.623" classname="com.inetBanking.testCases.TC_EditCustomer_004"/>
</testsuite> <!-- com.inetBanking.testCases.TC_EditCustomer_004 -->
