<?xml version="1.0" encoding="UTF-8"?>
<!-- Generated by org.testng.reporters.JUnitReportReporter -->
<testsuite skipped="0" hostname="LKNDSS5CJCRQ2" name="com.inetBanking.testCases.TC_DeleteCustomer_006" tests="1" failures="0" timestamp="26 May 2020 05:57:18 GMT" time="53.279" errors="0">
  <testcase name="DeleteCustomer" time="53.279" classname="com.inetBanking.testCases.TC_DeleteCustomer_006"/>
</testsuite> <!-- com.inetBanking.testCases.TC_DeleteCustomer_006 -->
