<?xml version="1.0" encoding="UTF-8"?>
<!-- Generated by org.testng.reporters.JUnitReportReporter -->
<testsuite skipped="0" hostname="LKNDSS5CJCRQ2" name="com.inetBanking.testCases.TC_LoginTest_001" tests="1" failures="0" timestamp="27 May 2020 09:32:51 GMT" time="5.084" errors="0">
  <testcase name="loginTest" time="5.084" classname="com.inetBanking.testCases.TC_LoginTest_001"/>
</testsuite> <!-- com.inetBanking.testCases.TC_LoginTest_001 -->
