<?xml version="1.0" encoding="UTF-8"?>
<!-- Generated by org.testng.reporters.JUnitReportReporter -->
<testsuite hostname="LKNDSS5CJCRQ2" failures="0" tests="1" name="com.inetBanking.testCases.TC_LoginTest_001" time="6.520" errors="0" timestamp="24 May 2020 17:07:46 GMT" skipped="0">
  <testcase classname="com.inetBanking.testCases.TC_LoginTest_001" name="loginTest" time="6.520"/>
</testsuite> <!-- com.inetBanking.testCases.TC_LoginTest_001 -->
